<?xml version='1.0' encoding='UTF-8'?>
<testsuite hostname="MikkelsLenovo" name="Mux5Test" tests="1" errors="0" failures="1" skipped="0" time="3.953" timestamp="2026-02-26T15:27:28">
          <properties>
[...]
</properties>
          <testcase classname="Mux5Test" name="Mux5 should correctly select the input based on sel" time="3.953">
                      <failure message="io_y=1 (0x1) did not equal expected=2 (0x2): Failed at sel=1 (lines in Mux5Test.scala: 23, 7)" type="org.scalatest.exceptions.TestFailedException">org.scalatest.exceptions.TestFailedException: io_y=1 (0x1) did not equal expected=2 (0x2): Failed at sel=1 (lines in Mux5Test.scala: 23, 7)
	at chiseltest.internal.TestEnvInterface.signalExpectFailure(TestEnvInterface.scala:60)
	at chiseltest.internal.TestEnvInterface.signalExpectFailure$(TestEnvInterface.scala:45)
	at Mux5Test.signalExpectFailure(Mux5Test.scala:5)
	at chiseltest.package$Utils$.expectFailed(package.scala:531)
	at chiseltest.package$Utils$.expectBits(package.scala:522)
	at chiseltest.package$testableUInt.expectInternal(package.scala:60)
	at chiseltest.package$testableUInt.expect(package.scala:64)
	at Mux5Test.$anonfun$new$3(Mux5Test.scala:23)
	at Mux5Test.$anonfun$new$3$adapted(Mux5Test.scala:7)
	at chiseltest.internal.GenericBackend.$anonfun$run$1(GenericBackend.scala:170)
	at chiseltest.internal.ThreadedBackend$TesterThread$$anon$1.$anonfun$run$1(ThreadedBackend.scala:495)
	at chiseltest.internal.GenericBackend.doTimescope(GenericBackend.scala:104)
	at chiseltest.internal.ThreadedBackend$TesterThread$$anon$1.run(ThreadedBackend.scala:495)
	at java.base/java.lang.Thread.run(Thread.java:1583)
Caused by: chiseltest.internal.FailedExpectException: io_y=1 (0x1) did not equal expected=2 (0x2): Failed at sel=1 (lines in Mux5Test.scala: 23, 7)
	... 14 more
</failure>
                    </testcase>
          <system-out><![CDATA[]]></system-out>
          <system-err><![CDATA[]]></system-err>
        </testsuite>