<?xml version='1.0' encoding='UTF-8'?>
<testsuite hostname="MikkelsLenovo" name="HelloSpec" tests="1" errors="0" failures="1" skipped="0" time="13.836" timestamp="2026-02-05T14:44:03">
          <properties>
[...]
</properties>
          <testcase classname="HelloSpec" name="Hello should pass" time="13.836">
                      <failure type="java.lang.InterruptedException">java.lang.InterruptedException
	at java.base/java.util.concurrent.locks.AbstractQueuedSynchronizer.acquireSharedInterruptibly(AbstractQueuedSynchronizer.java:1100)
	at java.base/java.util.concurrent.Semaphore.acquire(Semaphore.java:318)
	at chiseltest.internal.ThreadedBackend.$anonfun$runThreads$2(ThreadedBackend.scala:562)
	at chiseltest.internal.ThreadedBackend.$anonfun$runThreads$2$adapted(ThreadedBackend.scala:557)
	at scala.collection.immutable.List.foreach(List.scala:334)
	at chiseltest.internal.ThreadedBackend.runThreads(ThreadedBackend.scala:557)
	at chiseltest.internal.ThreadedBackend.runThreads$(ThreadedBackend.scala:539)
	at chiseltest.internal.GenericBackend.runThreads(GenericBackend.scala:16)
	at chiseltest.internal.GenericBackend.run(GenericBackend.scala:201)
	at chiseltest.internal.Context$.$anonfun$run$1(Testers2.scala:34)
	at scala.util.DynamicVariable.withValue(DynamicVariable.scala:59)
	at chiseltest.internal.Context$.run(Testers2.scala:34)
	at chiseltest.ChiselScalatestTester.chiseltest$ChiselScalatestTester$$runTest(ChiselScalatestTester.scala:103)
	at chiseltest.ChiselScalatestTester$TestBuilder.apply(ChiselScalatestTester.scala:31)
	at HelloSpec.$anonfun$new$1(HelloSpec.scala:7)
	at org.scalatest.OutcomeOf.outcomeOf(OutcomeOf.scala:85)
	at org.scalatest.OutcomeOf.outcomeOf$(OutcomeOf.scala:83)
	at org.scalatest.OutcomeOf$.outcomeOf(OutcomeOf.scala:104)
	at org.scalatest.Transformer.apply(Transformer.scala:22)
	at org.scalatest.Transformer.apply(Transformer.scala:20)
	at org.scalatest.flatspec.AnyFlatSpecLike$$anon$5.apply(AnyFlatSpecLike.scala:1832)
	at org.scalatest.TestSuite.withFixture(TestSuite.scala:196)
	at org.scalatest.TestSuite.withFixture$(TestSuite.scala:195)
	at HelloSpec.chiseltest$ChiselScalatestTester$$super$withFixture(HelloSpec.scala:4)
	at chiseltest.ChiselScalatestTester.$anonfun$withFixture$1(ChiselScalatestTester.scala:82)
	at scala.util.DynamicVariable.withValue(DynamicVariable.scala:59)
	at chiseltest.ChiselScalatestTester.withFixture(ChiselScalatestTester.scala:82)
	at chiseltest.ChiselScalatestTester.withFixture$(ChiselScalatestTester.scala:79)
	at HelloSpec.withFixture(HelloSpec.scala:4)
	at org.scalatest.flatspec.AnyFlatSpecLike.invokeWithFixture$1(AnyFlatSpecLike.scala:1830)
	at org.scalatest.flatspec.AnyFlatSpecLike.$anonfun$runTest$1(AnyFlatSpecLike.scala:1842)
	at org.scalatest.SuperEngine.runTestImpl(Engine.scala:306)
	at org.scalatest.flatspec.AnyFlatSpecLike.runTest(AnyFlatSpecLike.scala:1842)
	at org.scalatest.flatspec.AnyFlatSpecLike.runTest$(AnyFlatSpecLike.scala:1824)
	at org.scalatest.flatspec.AnyFlatSpec.runTest(AnyFlatSpec.scala:1686)
	at org.scalatest.flatspec.AnyFlatSpecLike.$anonfun$runTests$1(AnyFlatSpecLike.scala:1900)
	at org.scalatest.SuperEngine.$anonfun$runTestsInBranch$1(Engine.scala:413)
	at scala.collection.immutable.List.foreach(List.scala:334)
	at org.scalatest.SuperEngine.traverseSubNodes$1(Engine.scala:401)
	at org.scalatest.SuperEngine.runTestsInBranch(Engine.scala:390)
	at org.scalatest.SuperEngine.$anonfun$runTestsInBranch$1(Engine.scala:427)
	at scala.collection.immutable.List.foreach(List.scala:334)
	at org.scalatest.SuperEngine.traverseSubNodes$1(Engine.scala:401)
	at org.scalatest.SuperEngine.runTestsInBranch(Engine.scala:396)
	at org.scalatest.SuperEngine.runTestsImpl(Engine.scala:475)
	at org.scalatest.flatspec.AnyFlatSpecLike.runTests(AnyFlatSpecLike.scala:1900)
	at org.scalatest.flatspec.AnyFlatSpecLike.runTests$(AnyFlatSpecLike.scala:1899)
	at org.scalatest.flatspec.AnyFlatSpec.runTests(AnyFlatSpec.scala:1686)
	at org.scalatest.Suite.run(Suite.scala:1114)
	at org.scalatest.Suite.run$(Suite.scala:1096)
	at org.scalatest.flatspec.AnyFlatSpec.org$scalatest$flatspec$AnyFlatSpecLike$$super$run(AnyFlatSpec.scala:1686)
	at org.scalatest.flatspec.AnyFlatSpecLike.$anonfun$run$1(AnyFlatSpecLike.scala:1945)
	at org.scalatest.SuperEngine.runImpl(Engine.scala:535)
	at org.scalatest.flatspec.AnyFlatSpecLike.run(AnyFlatSpecLike.scala:1945)
	at org.scalatest.flatspec.AnyFlatSpecLike.run$(AnyFlatSpecLike.scala:1943)
	at org.scalatest.flatspec.AnyFlatSpec.run(AnyFlatSpec.scala:1686)
	at org.scalatest.tools.Framework.org$scalatest$tools$Framework$$runSuite(Framework.scala:321)
	at org.scalatest.tools.Framework$ScalaTestTask.execute(Framework.scala:517)
	at sbt.TestRunner.runTest$1(TestFramework.scala:153)
	at sbt.TestRunner.run(TestFramework.scala:168)
	at sbt.TestFramework$$anon$3$$anonfun$$lessinit$greater$1.$anonfun$apply$1(TestFramework.scala:336)
	at sbt.TestFramework$.sbt$TestFramework$$withContextLoader(TestFramework.scala:296)
	at sbt.TestFramework$$anon$3$$anonfun$$lessinit$greater$1.apply(TestFramework.scala:336)
	at sbt.TestFramework$$anon$3$$anonfun$$lessinit$greater$1.apply(TestFramework.scala:336)
	at sbt.TestFunction.apply(TestFramework.scala:348)
	at sbt.Tests$.$anonfun$toTask$1(Tests.scala:436)
	at sbt.std.Transform$$anon$3.$anonfun$apply$2(Transform.scala:47)
	at sbt.std.Transform$$anon$4.work(Transform.scala:69)
	at sbt.Execute.$anonfun$submit$2(Execute.scala:283)
	at sbt.internal.util.ErrorHandling$.wideConvert(ErrorHandling.scala:24)
	at sbt.Execute.work(Execute.scala:292)
	at sbt.Execute.$anonfun$submit$1(Execute.scala:283)
	at sbt.ConcurrentRestrictions$$anon$4.$anonfun$submitValid$1(ConcurrentRestrictions.scala:265)
	at sbt.CompletionService$$anon$2.call(CompletionService.scala:65)
	at java.base/java.util.concurrent.FutureTask.run(FutureTask.java:317)
	at java.base/java.util.concurrent.Executors$RunnableAdapter.call(Executors.java:572)
	at java.base/java.util.concurrent.FutureTask.run(FutureTask.java:317)
	at java.base/java.util.concurrent.ThreadPoolExecutor.runWorker(ThreadPoolExecutor.java:1144)
	at java.base/java.util.concurrent.ThreadPoolExecutor$Worker.run(ThreadPoolExecutor.java:642)
	at java.base/java.lang.Thread.run(Thread.java:1583)
</failure>
                    </testcase>
          <system-out><![CDATA[]]></system-out>
          <system-err><![CDATA[]]></system-err>
        </testsuite>